0 info it worked if it ends with ok
1 verbose cli [ 'C:\\Program Files\\nodejs\\\\node.exe',
1 verbose cli   'C:\\Program Files\\nodejs\\node_modules\\npm\\bin\\npm-cli.js',
1 verbose cli   'install',
1 verbose cli   'connect-mongo',
1 verbose cli   '--save' ]
2 info using npm@1.4.28
3 info using node@v0.10.33
4 verbose node symlink C:\Program Files\nodejs\\node.exe
5 verbose readDependencies using package.json deps
6 verbose cache add [ 'connect-mongo@^2.8.0', null ]
7 verbose cache add name=undefined spec="connect-mongo@^2.8.0" args=["connect-mongo@^2.8.0",null]
8 verbose parsed url { protocol: null,
8 verbose parsed url   slashes: null,
8 verbose parsed url   auth: null,
8 verbose parsed url   host: null,
8 verbose parsed url   port: null,
8 verbose parsed url   hostname: null,
8 verbose parsed url   hash: null,
8 verbose parsed url   search: null,
8 verbose parsed url   query: null,
8 verbose parsed url   pathname: 'connect-mongo@^2.8.0',
8 verbose parsed url   path: 'connect-mongo@^2.8.0',
8 verbose parsed url   href: 'connect-mongo@^2.8.0' }
9 verbose cache add name="connect-mongo" spec="^2.8.0" args=["connect-mongo","^2.8.0"]
10 verbose parsed url { protocol: null,
10 verbose parsed url   slashes: null,
10 verbose parsed url   auth: null,
10 verbose parsed url   host: null,
10 verbose parsed url   port: null,
10 verbose parsed url   hostname: null,
10 verbose parsed url   hash: null,
10 verbose parsed url   search: null,
10 verbose parsed url   query: null,
10 verbose parsed url   pathname: '^2.8.0',
10 verbose parsed url   path: '^2.8.0',
10 verbose parsed url   href: '^2.8.0' }
11 verbose addNamed [ 'connect-mongo', '^2.8.0' ]
12 verbose addNamed [ null, '>=2.8.0-0 <3.0.0-0' ]
13 silly lockFile d7d77663-connect-mongo-2-8-0 connect-mongo@^2.8.0
14 verbose lock connect-mongo@^2.8.0 C:\Users\Administrator\AppData\Roaming\npm-cache\d7d77663-connect-mongo-2-8-0.lock
15 silly addNameRange { name: 'connect-mongo',
15 silly addNameRange   range: '>=2.8.0-0 <3.0.0-0',
15 silly addNameRange   hasData: false }
16 verbose request where is /connect-mongo
17 verbose request registry https://registry.npmjs.org/
18 verbose request id 0a947b7c5dfa34d3
19 verbose url raw /connect-mongo
20 verbose url resolving [ 'https://registry.npmjs.org/', './connect-mongo' ]
21 verbose url resolved https://registry.npmjs.org/connect-mongo
22 verbose request where is https://registry.npmjs.org/connect-mongo
23 info trying registry request attempt 1 at 20:25:25
24 verbose etag W/"58bebbca-de58"
25 http GET https://registry.npmjs.org/connect-mongo
26 http 304 https://registry.npmjs.org/connect-mongo
27 silly registry.get cb [ 304,
27 silly registry.get   { date: 'Wed, 08 Mar 2017 12:25:27 GMT',
27 silly registry.get     via: '1.1 varnish',
27 silly registry.get     'cache-control': 'max-age=300',
27 silly registry.get     etag: 'W/"58bebbca-de58"',
27 silly registry.get     age: '122',
27 silly registry.get     connection: 'keep-alive',
27 silly registry.get     'x-served-by': 'cache-nrt6128-NRT',
27 silly registry.get     'x-cache': 'HIT',
27 silly registry.get     'x-cache-hits': '2',
27 silly registry.get     'x-timer': 'S1488975927.461678,VS0,VE0',
27 silly registry.get     vary: 'Accept-Encoding' } ]
28 verbose etag https://registry.npmjs.org/connect-mongo from cache
29 silly addNameRange number 2 { name: 'connect-mongo',
29 silly addNameRange   range: '>=2.8.0-0 <3.0.0-0',
29 silly addNameRange   hasData: true }
30 silly addNameRange versions [ 'connect-mongo',
30 silly addNameRange   [ '0.1.0',
30 silly addNameRange     '0.1.1',
30 silly addNameRange     '0.1.2',
30 silly addNameRange     '0.1.3',
30 silly addNameRange     '0.1.4',
30 silly addNameRange     '0.1.5',
30 silly addNameRange     '0.1.6',
30 silly addNameRange     '0.1.7',
30 silly addNameRange     '0.1.8',
30 silly addNameRange     '0.1.9',
30 silly addNameRange     '0.2.0',
30 silly addNameRange     '0.3.0',
30 silly addNameRange     '0.3.1',
30 silly addNameRange     '0.3.2',
30 silly addNameRange     '0.3.3',
30 silly addNameRange     '0.4.0',
30 silly addNameRange     '0.4.1',
30 silly addNameRange     '0.4.2',
30 silly addNameRange     '0.5.0',
30 silly addNameRange     '0.5.1',
30 silly addNameRange     '0.5.2',
30 silly addNameRange     '0.5.3',
30 silly addNameRange     '0.6.0',
30 silly addNameRange     '0.7.0',
30 silly addNameRange     '0.8.0',
30 silly addNameRange     '0.8.1',
30 silly addNameRange     '0.8.2',
30 silly addNameRange     '1.0.0-beta.1',
30 silly addNameRange     '1.0.0',
30 silly addNameRange     '1.0.1',
30 silly addNameRange     '1.0.2',
30 silly addNameRange     '1.1.0',
30 silly addNameRange     '1.2.0',
30 silly addNameRange     '1.2.1',
30 silly addNameRange     '1.3.0',
30 silly addNameRange     '1.3.1',
30 silly addNameRange     '1.3.2' ] ]
31 silly lockFile d7d77663-connect-mongo-2-8-0 connect-mongo@^2.8.0
32 silly lockFile d7d77663-connect-mongo-2-8-0 connect-mongo@^2.8.0
33 error notarget No compatible version found: connect-mongo@'>=2.8.0-0 <3.0.0-0'
33 error notarget Valid install targets:
33 error notarget ["0.1.0","0.1.1","0.1.2","0.1.3","0.1.4","0.1.5","0.1.6","0.1.7","0.1.8","0.1.9","0.2.0","0.3.0","0.3.1","0.3.2","0.3.3","0.4.0","0.4.1","0.4.2","0.5.0","0.5.1","0.5.2","0.5.3","0.6.0","0.7.0","0.8.0","0.8.1","0.8.2","1.0.0-beta.1","1.0.0","1.0.1","1.0.2","1.1.0","1.2.0","1.2.1","1.3.0","1.3.1","1.3.2"]
33 error notarget
33 error notarget This is most likely not a problem with npm itself.
33 error notarget In most cases you or one of your dependencies are requesting
33 error notarget a package version that doesn't exist.
34 error System Windows_NT 6.1.7601
35 error command "C:\\Program Files\\nodejs\\\\node.exe" "C:\\Program Files\\nodejs\\node_modules\\npm\\bin\\npm-cli.js" "install" "connect-mongo" "--save"
36 error cwd C:\Users\Administrator\WebstormProjects\blogtest
37 error node -v v0.10.33
38 error npm -v 1.4.28
39 error code ETARGET
40 verbose exit [ 1, true ]
